10/30/2023 05:27:48 PM: INFO: ************* Test_001_Login **************
10/30/2023 05:27:48 PM: INFO: ************* Verify Login Test **************
10/30/2023 05:27:52 PM: INFO: ************* Login Test Pass **************
10/30/2023 05:30:10 PM: INFO: ************* Test_001_Login **************
10/30/2023 05:30:10 PM: INFO: ************* Verify Login Test **************
10/30/2023 05:30:22 PM: ERROR: ************* Login Test Failed **************
11/01/2023 03:10:30 PM: INFO: ************* Test_001_Login **************
11/01/2023 03:10:30 PM: INFO: ************* Verify Login Test **************
11/01/2023 03:10:41 PM: INFO: ************* Login Test Pass **************
11/01/2023 03:11:31 PM: INFO: ************* Test_001_Login **************
11/01/2023 03:11:31 PM: INFO: ************* Verify Login Test **************
11/01/2023 03:11:36 PM: INFO: ************* Login Test Pass **************
12/05/2023 10:57:58 PM: INFO: ************* Test_001_Login **************
12/05/2023 10:57:58 PM: INFO: ************* Verify Login Test **************
12/05/2023 10:58:04 PM: INFO: ************* Login Test Pass **************
12/05/2023 11:09:04 PM: INFO: ************* Test_001_Login **************
12/05/2023 11:09:04 PM: INFO: ************* Verify Login Test **************
12/05/2023 11:09:09 PM: INFO: ************* Login Test Pass **************
12/05/2023 11:13:28 PM: INFO: ************* Test_001_Login **************
12/05/2023 11:13:28 PM: INFO: ************* Verify Login Test **************
12/05/2023 11:13:33 PM: INFO: ************* Login Test Pass **************
12/05/2023 11:17:03 PM: INFO: ************* Test_001_Login **************
12/05/2023 11:17:03 PM: INFO: ************* Verify Login Test **************
12/05/2023 11:17:09 PM: INFO: ************* Login Test Pass **************
12/05/2023 11:27:42 PM: INFO: ************* Test_001_Login **************
12/05/2023 11:27:42 PM: INFO: ************* Verify Login Test **************
12/05/2023 11:27:47 PM: INFO: ************* Login Test Pass **************
12/05/2023 11:27:49 PM: INFO: ************* Test_001_Login **************
12/05/2023 11:27:49 PM: INFO: ************* Verify Logout Test **************
12/05/2023 11:39:21 PM: INFO: ************* Test_001_Login **************
12/05/2023 11:39:21 PM: INFO: ************* Verify Login Test **************
12/05/2023 11:39:27 PM: INFO: ************* Login Test Pass **************
12/05/2023 11:39:31 PM: INFO: ************* Test_001_Login **************
12/05/2023 11:39:31 PM: INFO: ************* Verify Logout Test **************
12/05/2023 11:40:56 PM: INFO: ************* Test_001_Login **************
12/05/2023 11:40:56 PM: INFO: ************* Verify Login Test **************
12/05/2023 11:41:01 PM: INFO: ************* Login Test Pass **************
12/05/2023 11:41:04 PM: INFO: ************* Test_001_Login **************
12/05/2023 11:41:04 PM: INFO: ************* Verify Logout Test **************
12/05/2023 11:41:14 PM: INFO: ************* Logout Test Pass **************
12/05/2023 11:43:25 PM: INFO: ************* Test_001_Login **************
12/05/2023 11:43:25 PM: INFO: ************* Verify Login Test **************
12/05/2023 11:43:29 PM: INFO: ************* Login Test Pass **************
12/05/2023 11:43:31 PM: INFO: ************* Test_001_Login **************
12/05/2023 11:43:31 PM: INFO: ************* Verify Logout Test **************
02/12/2024 03:57:00 PM: INFO: ************* Test_001_Login **************
02/12/2024 03:57:00 PM: INFO: ************* Verify Login Test **************
02/12/2024 03:57:04 PM: INFO: ************* Test_001_Login **************
02/12/2024 03:57:04 PM: INFO: ************* Verify Logout Test **************
02/12/2024 03:57:54 PM: INFO: ************* Test_001_Login **************
02/12/2024 03:57:54 PM: INFO: ************* Verify Login Test **************
02/12/2024 03:58:00 PM: INFO: ************* Login Test Pass **************
02/12/2024 03:58:02 PM: INFO: ************* Test_001_Login **************
02/12/2024 03:58:02 PM: INFO: ************* Verify Logout Test **************
02/12/2024 03:58:07 PM: INFO: ************* Logout Test Pass **************
02/12/2024 04:00:16 PM: INFO: ************* Test_001_Login **************
02/12/2024 04:00:16 PM: INFO: ************* Verify Login Test **************
02/12/2024 04:00:21 PM: INFO: ************* Login Test Pass **************
02/12/2024 04:00:22 PM: INFO: ************* Test_001_Login **************
02/12/2024 04:00:22 PM: INFO: ************* Verify Logout Test **************
02/12/2024 04:00:27 PM: INFO: ************* Logout Test Pass **************
02/12/2024 04:52:29 PM: INFO: ************* Test_001_Login **************
02/12/2024 04:52:29 PM: INFO: ************* Verify Login Test **************
02/12/2024 04:52:32 PM: INFO: ************* Login Test Pass **************
02/12/2024 04:52:33 PM: INFO: ************* Test_001_Login **************
02/12/2024 04:52:33 PM: INFO: ************* Verify Logout Test **************
02/12/2024 04:52:41 PM: INFO: ************* Logout Test Pass **************
02/12/2024 08:58:21 PM: INFO: ************* Test_001_Login **************
02/12/2024 08:58:21 PM: INFO: ************* Verify Login Test **************
02/12/2024 08:58:25 PM: INFO: ************* Login Test Pass **************
02/12/2024 08:58:26 PM: INFO: ************* Test_001_Login **************
02/12/2024 08:58:26 PM: INFO: ************* Verify Logout Test **************
02/12/2024 08:58:36 PM: INFO: ************* Logout Test Pass **************
02/12/2024 09:25:35 PM: INFO: ************* Test_001_Login **************
02/12/2024 09:25:35 PM: INFO: ************* Test_001_Login **************
02/12/2024 09:25:35 PM: INFO: ************* Verify Logout Test **************
02/12/2024 09:25:35 PM: INFO: ************* Verify Login Test **************
02/12/2024 09:25:40 PM: INFO: ************* Login Test Pass **************
02/12/2024 09:25:43 PM: INFO: ************* Logout Test Pass **************
02/14/2024 05:12:11 PM: INFO: ************* Test_001_Login **************
02/14/2024 05:12:11 PM: INFO: ************* Verify Login Test **************
02/14/2024 05:12:15 PM: INFO: ************* Login Test Pass **************
02/14/2024 05:12:17 PM: INFO: ************* Test_001_Login **************
02/14/2024 05:12:17 PM: INFO: ************* Verify Logout Test **************
02/14/2024 05:12:24 PM: INFO: ************* Logout Test Pass **************
02/14/2024 05:14:22 PM: INFO: ************* Test_001_Login **************
02/14/2024 05:14:22 PM: INFO: ************* Verify Login Test **************
02/14/2024 05:14:26 PM: INFO: ************* Login Test Pass **************
02/14/2024 05:14:28 PM: INFO: ************* Test_001_Login **************
02/14/2024 05:14:28 PM: INFO: ************* Verify Logout Test **************
02/14/2024 05:14:32 PM: INFO: ************* Logout Test Pass **************
02/14/2024 05:16:01 PM: INFO: ************* Test_001_Login **************
02/14/2024 05:16:01 PM: INFO: ************* Test_001_Login **************
02/14/2024 05:16:01 PM: INFO: ************* Verify Logout Test **************
02/14/2024 05:16:01 PM: INFO: ************* Verify Login Test **************
02/14/2024 05:16:05 PM: INFO: ************* Login Test Pass **************
02/14/2024 05:16:08 PM: INFO: ************* Logout Test Pass **************
02/14/2024 05:16:57 PM: INFO: ************* Test_001_Login **************
02/14/2024 05:16:57 PM: INFO: ************* Verify Login Test **************
02/14/2024 05:17:02 PM: INFO: ************* Login Test Pass **************
02/14/2024 05:17:04 PM: INFO: ************* Test_001_Login **************
02/14/2024 05:17:04 PM: INFO: ************* Verify Logout Test **************
02/14/2024 05:17:10 PM: INFO: ************* Logout Test Pass **************
02/14/2024 06:24:31 PM: INFO: ************* Test_002_DDT_Login **************
02/14/2024 06:24:31 PM: INFO: ************* Verify Login Test using DDT **************
02/14/2024 06:26:35 PM: INFO: ************* Test_002_DDT_Login **************
02/14/2024 06:26:35 PM: INFO: ************* Verify Login Test using DDT **************
02/14/2024 06:27:33 PM: INFO: ************* Test_002_DDT_Login **************
02/14/2024 06:27:33 PM: INFO: ************* Verify Login Test using DDT **************
02/14/2024 06:27:40 PM: INFO: Username: admin@yourstore.com, Password: adm = PASS
02/14/2024 06:27:44 PM: INFO: Username: adm@yourstore.com, Password: admin = PASS
02/14/2024 06:27:49 PM: INFO: Username: adm@yourstore.com, Password: adm = PASS
02/14/2024 06:27:56 PM: INFO: Username: admin@yourstore.com, Password: admin = PASS
02/14/2024 06:41:42 PM: INFO: ************* Test_002_DDT_Login **************
02/14/2024 06:41:42 PM: INFO: ************* Verify Login Test using DDT **************
02/14/2024 06:41:49 PM: INFO: Username: admin@yourstore.com, Password: adm = PASS
02/14/2024 06:41:53 PM: INFO: Username: adm@yourstore.com, Password: admin = PASS
02/14/2024 06:41:58 PM: INFO: Username: adm@yourstore.com, Password: adm = PASS
02/14/2024 06:42:03 PM: INFO: Username: admin@yourstore.com, Password: admin = PASS
02/14/2024 06:42:03 PM: INFO: All data tested Passed.
